2024/10/04 06:51:35 main.go:42: Starting server on :8080...
2024/10/04 06:54:25 server.go:41: Gracefully shutting down server...
2024/10/04 06:54:25 main.go:48: Server gracefully shutdown complete.
2024/10/04 06:54:28 main.go:42: Starting server on :8080...
2024/10/04 06:58:14 server.go:41: Gracefully shutting down server...
2024/10/04 06:59:55 main.go:42: Starting server on :8080...
2024/10/04 07:00:44 server.go:41: Gracefully shutting down server...
2024/10/04 07:00:44 main.go:48: Server gracefully shutdown complete.
2024/10/07 08:59:14 main.go:42: Starting server on :8080...
2024/10/07 09:05:27 server.go:41: Gracefully shutting down server...
2024/10/07 09:05:27 main.go:48: Server gracefully shutdown complete.
2024/10/07 09:05:42 main.go:42: Starting server on :8080...
2024/10/07 09:30:19 server.go:41: Gracefully shutting down server...
2024/10/07 09:30:19 main.go:48: Server gracefully shutdown complete.
2024/10/07 09:30:26 main.go:42: Starting server on :8080...
2024/10/07 09:58:24 server.go:41: Gracefully shutting down server...
2024/10/07 09:58:24 main.go:48: Server gracefully shutdown complete.
2024/10/07 12:07:58 main.go:42: Starting server on :8080...
2024/10/07 12:22:18 server.go:41: Gracefully shutting down server...
2024/10/07 12:22:18 main.go:48: Server gracefully shutdown complete.
2024/10/07 12:24:36 main.go:61: Starting server on :8080...
2024/10/07 12:26:37 server.go:23: Error setting up data handlers: Binary was compiled with 'CGO_ENABLED=0', go-sqlite3 requires cgo to work. This is a stub
2024/10/07 12:48:33 main.go:61: Starting server on :8080...
2024/10/07 14:25:29 server.go:41: Gracefully shutting down server...
2024/10/07 14:25:29 main.go:67: Server gracefully shutdown complete.
2024/10/07 14:26:12 main.go:61: Starting server on :8080...
2024/10/07 14:26:56 server.go:41: Gracefully shutting down server...
2024/10/07 14:26:56 main.go:67: Server gracefully shutdown complete.
2024/10/23 08:20:21 main.go:61: Starting server on :8080...
2024/10/23 09:12:47 server.go:41: Gracefully shutting down server...
2024/10/23 09:12:47 main.go:67: Server gracefully shutdown complete.
2024/11/14 12:20:57 main.go:61: Starting server on :8080...
2024/11/14 12:22:22 server.go:41: Gracefully shutting down server...
2024/11/14 12:22:22 main.go:67: Server gracefully shutdown complete.
2024/11/14 12:22:26 main.go:61: Starting server on :8080...
2024/11/14 12:48:44 main.go:60: Starting server on :8080...
2024/11/14 12:48:54 server.go:42: Gracefully shutting down server...
2024/11/14 12:48:54 main.go:66: Server gracefully shutdown complete.
2024/11/14 13:04:43 server.go:24: Error setting up data handlers: no such column: person_id
2024/11/14 13:07:39 server.go:24: Error setting up data handlers: no such column: person_id
2024/11/14 13:08:12 main.go:60: Starting server on :8080...
2024/11/14 13:17:54 server.go:42: Gracefully shutting down server...
2024/11/14 13:17:54 main.go:66: Server gracefully shutdown complete.
2024/11/14 13:17:57 main.go:60: Starting server on :8080...
2024/11/14 13:18:48 server.go:42: Gracefully shutting down server...
2024/11/14 13:18:48 main.go:66: Server gracefully shutdown complete.
2024/11/14 13:18:50 main.go:60: Starting server on :8080...
2024/11/14 13:21:32 server.go:42: Gracefully shutting down server...
2024/11/14 13:21:32 main.go:66: Server gracefully shutdown complete.
2024/11/14 13:21:36 main.go:60: Starting server on :8080...
2024/11/14 13:21:41 updateperson.go:39: Error creating data: sql: expected 3 arguments, got 4 {12 312321 juhddaasdasd 2111}
2024/11/14 13:21:41 updateperson.go:39: Error creating data: sql: expected 3 arguments, got 4 {12 312321 juhddaasdasd 2111}
2024/11/14 13:22:35 server.go:42: Gracefully shutting down server...
2024/11/14 13:22:35 main.go:66: Server gracefully shutdown complete.
2024/11/14 13:22:38 main.go:60: Starting server on :8080...
2024/11/14 13:22:43 updateperson.go:39: Error creating data: sql: expected 3 arguments, got 4 {12 312321 juhddaasdasd 2111}
2024/11/14 13:22:44 updateperson.go:39: Error creating data: sql: expected 3 arguments, got 4 {12 312321 juhddaasdasd 2111}
2024/11/14 13:22:44 updateperson.go:39: Error creating data: sql: expected 3 arguments, got 4 {12 312321 juhddaasdasd 2111}
2024/11/14 13:23:16 server.go:42: Gracefully shutting down server...
2024/11/14 13:23:16 main.go:66: Server gracefully shutdown complete.
2024/11/14 13:23:19 main.go:60: Starting server on :8080...
2024/11/14 13:26:13 server.go:42: Gracefully shutting down server...
2024/11/14 13:26:13 main.go:66: Server gracefully shutdown complete.
2024/11/14 13:26:16 main.go:60: Starting server on :8080...
2024/11/14 13:33:25 server.go:42: Gracefully shutting down server...
2024/11/14 13:33:25 main.go:66: Server gracefully shutdown complete.
2024/11/14 13:33:28 main.go:60: Starting server on :8080...
2024/11/14 13:36:40 server.go:42: Gracefully shutting down server...
2024/11/14 13:36:40 main.go:66: Server gracefully shutdown complete.
2024/11/14 13:37:27 main.go:60: Starting server on :8080...
2024/11/14 14:06:21 server.go:42: Gracefully shutting down server...
2024/11/14 14:06:21 main.go:66: Server gracefully shutdown complete.
2024/11/14 14:18:51 server.go:24: Error setting up data handlers: no such column: student_id
2024/11/14 14:19:42 server.go:24: Error setting up data handlers: no such column: tag_id
2024/11/14 14:21:55 main.go:60: Starting server on :8080...
2024/11/14 14:30:07 server.go:42: Gracefully shutting down server...
2024/11/14 14:30:07 main.go:66: Server gracefully shutdown complete.
2024/11/14 14:30:11 main.go:60: Starting server on :8080...
2024/11/14 14:31:31 server.go:42: Gracefully shutting down server...
2024/11/14 14:31:31 main.go:66: Server gracefully shutdown complete.
2024/11/14 14:31:34 main.go:60: Starting server on :8080...
2024/11/14 14:31:48 server.go:42: Gracefully shutting down server...
2024/11/14 14:31:48 main.go:66: Server gracefully shutdown complete.
2024/11/14 14:31:59 main.go:60: Starting server on :8080...
2024/11/14 14:33:08 server.go:42: Gracefully shutting down server...
2024/11/14 14:33:08 main.go:66: Server gracefully shutdown complete.
2024/11/14 14:33:27 main.go:60: Starting server on :8080...
2024/11/14 14:36:33 server.go:42: Gracefully shutting down server...
2024/11/14 14:36:33 main.go:66: Server gracefully shutdown complete.
2024/11/14 14:36:36 main.go:60: Starting server on :8080...
2024/11/14 14:42:15 server.go:42: Gracefully shutting down server...
2024/11/15 12:06:03 server.go:24: Error setting up data handlers: table person has no column named tag_id
2024/11/15 12:07:25 server.go:24: Error setting up data handlers: table person has no column named tag_id
2024/11/15 12:08:41 server.go:24: Error setting up data handlers: table person has no column named tag_id
2024/11/15 12:08:56 main.go:60: Starting server on :8080...
2024/11/15 12:15:30 server.go:42: Gracefully shutting down server...
2024/11/15 12:15:30 main.go:66: Server gracefully shutdown complete.
2024/11/15 12:15:34 main.go:60: Starting server on :8080...
2024/11/15 12:26:00 server.go:42: Gracefully shutting down server...
2024/11/15 12:26:00 main.go:66: Server gracefully shutdown complete.
2024/11/15 12:26:03 main.go:60: Starting server on :8080...
2024/11/15 12:29:39 server.go:42: Gracefully shutting down server...
2024/11/15 12:29:39 main.go:66: Server gracefully shutdown complete.
2024/11/15 12:29:43 main.go:60: Starting server on :8080...
2024/11/18 10:30:08 main.go:60: Starting server on :8080...
2024/11/18 10:37:34 server.go:43: Gracefully shutting down server...
2024/11/18 10:37:34 main.go:66: Server gracefully shutdown complete.
2024/11/18 10:37:40 main.go:60: Starting server on :8080...
2024/11/18 11:05:10 server.go:43: Gracefully shutting down server...
2024/11/18 11:05:10 main.go:66: Server gracefully shutdown complete.
2024/11/18 11:05:15 main.go:60: Starting server on :8080...
2024/11/18 11:31:03 server.go:43: Gracefully shutting down server...
2024/11/18 11:31:03 main.go:66: Server gracefully shutdown complete.
2024/11/18 11:31:08 main.go:60: Starting server on :8080...
2024/11/18 11:39:23 server.go:43: Gracefully shutting down server...
2024/11/18 11:39:23 main.go:66: Server gracefully shutdown complete.
2024/11/18 11:39:27 main.go:60: Starting server on :8080...
2024/11/18 11:58:27 server.go:43: Gracefully shutting down server...
2024/11/18 11:58:27 main.go:66: Server gracefully shutdown complete.
2024/11/18 11:58:32 main.go:60: Starting server on :8080...
2024/11/18 12:01:14 server.go:43: Gracefully shutting down server...
2024/11/18 12:01:14 main.go:66: Server gracefully shutdown complete.
2024/11/18 12:01:20 main.go:60: Starting server on :8080...
2024/11/18 12:02:27 server.go:43: Gracefully shutting down server...
2024/11/18 12:02:27 main.go:66: Server gracefully shutdown complete.
2024/11/22 12:06:29 main.go:60: Starting server on :8080...
2024/11/22 12:08:53 server.go:43: Gracefully shutting down server...
2024/11/22 12:08:53 main.go:66: Server gracefully shutdown complete.
2024/11/22 12:30:57 main.go:60: Starting server on :8080...
2024/11/22 12:36:18 server.go:43: Gracefully shutting down server...
2024/11/22 12:36:18 main.go:66: Server gracefully shutdown complete.
2024/11/22 12:36:25 main.go:60: Starting server on :8080...
2024/11/22 12:37:29 server.go:43: Gracefully shutting down server...
2024/11/22 12:37:29 main.go:66: Server gracefully shutdown complete.
2024/11/22 12:37:33 main.go:60: Starting server on :8080...
2024/11/22 12:56:36 server.go:43: Gracefully shutting down server...
2024/11/22 12:56:36 main.go:66: Server gracefully shutdown complete.
2024/11/22 12:56:58 main.go:60: Starting server on :8080...
2024/11/22 12:57:08 getpage.go:20: DADA: <nil> [0xc0000a80f0]
2024/11/22 12:59:38 server.go:43: Gracefully shutting down server...
2024/11/22 12:59:38 main.go:66: Server gracefully shutdown complete.
2024/11/22 12:59:42 main.go:60: Starting server on :8080...
2024/11/22 12:59:54 getpage.go:25: Person Name: Jduhafdassdf
2024/11/22 12:59:54 getpage.go:25: Person Name: Jduhafdassdf
2024/11/22 12:59:54 getpage.go:25: Person Name: Jduhafdassdf
2024/11/22 12:59:55 getpage.go:25: Person Name: Jduhafdassdf
2024/11/22 13:00:13 getpage.go:25: Person Name: Jduhafdassdf
2024/11/22 13:01:26 server.go:43: Gracefully shutting down server...
2024/11/22 13:01:26 main.go:66: Server gracefully shutdown complete.
2024/11/22 13:01:31 main.go:60: Starting server on :8080...
2024/11/22 13:02:23 server.go:43: Gracefully shutting down server...
2024/11/22 13:02:23 main.go:66: Server gracefully shutdown complete.
2024/11/22 13:02:27 main.go:60: Starting server on :8080...
2024/11/22 13:02:34 getpage.go:25: Person Name: Jduhafdassdf
2024/11/22 13:03:34 getpage.go:25: Person Name: Jduhafdassdf
2024/11/22 13:06:48 getpage.go:25: Person Name: Jduhafdassdf
2024/11/22 13:07:18 server.go:43: Gracefully shutting down server...
2024/11/22 13:07:18 main.go:66: Server gracefully shutdown complete.
2024/11/22 13:07:23 main.go:60: Starting server on :8080...
2024/11/22 13:07:28 getpage.go:19: 
2024/11/22 13:07:28 getpage.go:26: Person Name: Jduhafdassdf
2024/11/22 13:08:35 server.go:43: Gracefully shutting down server...
2024/11/22 13:08:35 main.go:66: Server gracefully shutdown complete.
2024/11/22 13:08:40 main.go:60: Starting server on :8080...
2024/11/22 13:08:48 getpage.go:19: jenninhuone
2024/11/22 13:08:48 getpage.go:26: Person Name: Sami Pulliainen
2024/11/22 13:08:48 getpage.go:26: Person Name: Sami Pulliainen
2024/11/22 13:08:48 getpage.go:26: Person Name: Sami Pulliainen
2024/11/22 13:08:48 getpage.go:26: Person Name: Sami Pulliainen
2024/11/22 13:08:48 getpage.go:26: Person Name: Sami Pulliainen
2024/11/22 13:08:48 getpage.go:26: Person Name: Sami Pulliainen
2024/11/22 13:08:48 getpage.go:26: Person Name: Jenni Pulliainen
2024/11/22 13:15:37 server.go:43: Gracefully shutting down server...
2024/11/22 13:15:37 main.go:66: Server gracefully shutdown complete.
2024/11/22 13:15:48 main.go:60: Starting server on :8080...
2024/11/22 13:15:57 getpage.go:19: jenninhuone
2024/11/22 13:15:57 getpage.go:26: Person Name: Sami Pulliainen
2024/11/22 13:15:57 getpage.go:26: Person Name: Sami Pulliainen
2024/11/22 13:15:57 getpage.go:26: Person Name: Sami Pulliainen
2024/11/22 13:15:57 getpage.go:26: Person Name: Sami Pulliainen
2024/11/22 13:15:57 getpage.go:26: Person Name: Sami Pulliainen
2024/11/22 13:15:57 getpage.go:26: Person Name: Sami Pulliainen
2024/11/22 13:15:57 getpage.go:26: Person Name: Jenni Pulliainen
2024/11/22 13:16:20 getpage.go:19: juhanhuone'
2024/11/22 13:16:26 getpage.go:19: jenninhuone
2024/11/22 13:16:26 getpage.go:26: Person Name: Sami Pulliainen
2024/11/22 13:16:26 getpage.go:26: Person Name: Sami Pulliainen
2024/11/22 13:16:26 getpage.go:26: Person Name: Sami Pulliainen
2024/11/22 13:16:26 getpage.go:26: Person Name: Sami Pulliainen
2024/11/22 13:16:26 getpage.go:26: Person Name: Sami Pulliainen
2024/11/22 13:16:26 getpage.go:26: Person Name: Sami Pulliainen
2024/11/22 13:16:26 getpage.go:26: Person Name: Jenni Pulliainen
2024/11/22 13:19:37 getpage.go:19: juhanhuone
2024/11/22 13:19:37 getpage.go:26: Person Name: Jenni Pulliainen
2024/11/22 13:19:37 getpage.go:26: Person Name: Jenni Pulliainen
2024/11/22 13:19:37 getpage.go:26: Person Name: Jemppa Pulliainen
2024/11/22 13:19:37 getpage.go:26: Person Name: Jermu Pulliainen
2024/11/22 13:19:37 getpage.go:26: Person Name: Jörmy Pulliainen
2024/11/22 13:19:37 getpage.go:26: Person Name: Luokkakaveri Pulliainen
2024/11/22 13:19:42 getpage.go:19: juhanhuone
2024/11/22 13:19:42 getpage.go:26: Person Name: Jenni Pulliainen
2024/11/22 13:19:42 getpage.go:26: Person Name: Jenni Pulliainen
2024/11/22 13:19:42 getpage.go:26: Person Name: Jemppa Pulliainen
2024/11/22 13:19:42 getpage.go:26: Person Name: Jermu Pulliainen
2024/11/22 13:19:42 getpage.go:26: Person Name: Jörmy Pulliainen
2024/11/22 13:19:42 getpage.go:26: Person Name: Luokkakaveri Pulliainen
2024/11/22 13:22:26 server.go:43: Gracefully shutting down server...
2024/11/22 13:22:26 main.go:66: Server gracefully shutdown complete.
2024/11/25 12:20:20 main.go:60: Starting server on :8080...
2024/11/25 12:21:55 getpage.go:19: 
2024/11/25 12:21:55 getpage.go:26: Person Name: Jduhafdassdf
2024/11/25 12:22:13 getpage.go:19: juhaninhuone
2024/11/25 12:22:18 getpage.go:19: juhahuone
2024/11/25 12:22:23 getpage.go:19: juhanhuone
2024/11/25 12:22:23 getpage.go:26: Person Name: Jenni Pulliainen
2024/11/25 12:22:23 getpage.go:26: Person Name: Jenni Pulliainen
2024/11/25 12:22:23 getpage.go:26: Person Name: Jemppa Pulliainen
2024/11/25 12:22:23 getpage.go:26: Person Name: Jermu Pulliainen
2024/11/25 12:22:23 getpage.go:26: Person Name: Jörmy Pulliainen
2024/11/25 12:22:23 getpage.go:26: Person Name: Luokkakaveri Pulliainen
2024/11/25 12:22:23 getpage.go:26: Person Name: Saku Tenkulainen
2024/11/25 12:30:02 server.go:43: Gracefully shutting down server...
2024/11/25 12:30:02 main.go:66: Server gracefully shutdown complete.
2024/11/25 12:32:54 main.go:60: Starting server on :8080...
2024/11/25 12:33:02 getpage.go:19: juhanhuone
2024/11/25 12:33:02 getpage.go:21: Could not get data: Huonetta ei ole olemassa%!(EXTRA string=juhanhuone, <nil>) []
2024/11/25 12:33:05 getpage.go:19: juhanhuones
2024/11/25 12:33:05 getpage.go:21: Could not get data: Huonetta ei ole olemassa%!(EXTRA string=juhanhuones, <nil>) []
2024/11/25 12:33:08 getpage.go:19: juhanhuone
2024/11/25 12:33:08 getpage.go:21: Could not get data: Huonetta ei ole olemassa%!(EXTRA string=juhanhuone, <nil>) []
2024/11/25 12:34:51 getpage.go:19: juhanhuone
2024/11/25 12:34:51 getpage.go:21: Could not get data: Huonetta ei ole olemassa%!(EXTRA string=juhanhuone, <nil>) []
2024/11/25 12:34:52 getpage.go:19: juhanhuone
2024/11/25 12:34:52 getpage.go:21: Could not get data: Huonetta ei ole olemassa%!(EXTRA string=juhanhuone, <nil>) []
2024/11/25 12:35:06 getpage.go:19: juhanhuone
2024/11/25 12:35:06 getpage.go:21: Could not get data: Huonetta ei ole olemassa%!(EXTRA string=juhanhuone, <nil>) []
2024/11/25 12:35:29 getpage.go:19: 12
2024/11/25 12:41:35 server.go:43: Gracefully shutting down server...
2024/11/25 12:41:35 main.go:66: Server gracefully shutdown complete.
2024/11/25 12:41:38 main.go:60: Starting server on :8080...
2024/11/25 12:41:50 postroom.go:40: Error creating room: Huone on jo olemassa%!(EXTRA string=12, <nil>) {0 12 juhanhuone}
2024/11/25 12:41:51 postroom.go:40: Error creating room: Huone on jo olemassa%!(EXTRA string=12, <nil>) {0 12 juhanhuone}
2024/11/25 12:41:51 postroom.go:40: Error creating room: Huone on jo olemassa%!(EXTRA string=12, <nil>) {0 12 juhanhuone}
2024/11/25 12:41:51 postroom.go:40: Error creating room: Huone on jo olemassa%!(EXTRA string=12, <nil>) {0 12 juhanhuone}
2024/11/25 12:42:36 server.go:43: Gracefully shutting down server...
2024/11/25 12:42:36 main.go:66: Server gracefully shutdown complete.
2024/11/25 12:42:39 main.go:60: Starting server on :8080...
2024/11/25 13:08:35 server.go:43: Gracefully shutting down server...
2024/11/25 13:08:35 main.go:66: Server gracefully shutdown complete.
2024/11/25 13:08:38 main.go:60: Starting server on :8080...
2024/11/25 13:17:42 server.go:43: Gracefully shutting down server...
2024/11/25 13:17:42 main.go:66: Server gracefully shutdown complete.
2024/11/25 13:19:42 main.go:60: Starting server on :8080...
2024/11/25 13:19:52 postroom.go:40: Error creating room: sql: Scan called without calling Next {0 12 juhanhuone}
2024/11/25 13:19:53 postroom.go:40: Error creating room: sql: Scan called without calling Next {0 12 juhanhuone}
2024/11/25 13:22:04 server.go:43: Gracefully shutting down server...
2024/11/25 13:22:04 main.go:66: Server gracefully shutdown complete.
2024/11/25 13:22:45 main.go:60: Starting server on :8080...
2024/11/25 13:29:02 server.go:43: Gracefully shutting down server...
2024/11/25 13:29:02 main.go:66: Server gracefully shutdown complete.
2024/11/25 13:29:05 main.go:60: Starting server on :8080...
2024/11/25 13:29:15 getpage.go:19: 12
2024/11/25 13:29:15 getpage.go:19: 12
2024/11/25 13:29:16 getpage.go:19: 12
2024/11/25 13:29:19 getpage.go:19: 12s
2024/11/25 13:29:19 getpage.go:21: Could not get data: Invalid room []
2024/11/25 13:29:23 getpage.go:19: 12
2024/11/25 13:36:36 server.go:43: Gracefully shutting down server...
2024/11/25 13:36:36 main.go:66: Server gracefully shutdown complete.
2024/11/25 13:36:40 main.go:60: Starting server on :8080...
2024/11/25 13:39:52 server.go:43: Gracefully shutting down server...
2024/11/25 13:39:52 main.go:66: Server gracefully shutdown complete.
2024/11/25 13:39:55 main.go:60: Starting server on :8080...
