2024/10/04 06:51:35 main.go:42: Starting server on :8080...
2024/10/04 06:54:25 server.go:41: Gracefully shutting down server...
2024/10/04 06:54:25 main.go:48: Server gracefully shutdown complete.
2024/10/04 06:54:28 main.go:42: Starting server on :8080...
2024/10/04 06:58:14 server.go:41: Gracefully shutting down server...
2024/10/04 06:59:55 main.go:42: Starting server on :8080...
2024/10/04 07:00:44 server.go:41: Gracefully shutting down server...
2024/10/04 07:00:44 main.go:48: Server gracefully shutdown complete.
2024/10/07 08:59:14 main.go:42: Starting server on :8080...
2024/10/07 09:05:27 server.go:41: Gracefully shutting down server...
2024/10/07 09:05:27 main.go:48: Server gracefully shutdown complete.
2024/10/07 09:05:42 main.go:42: Starting server on :8080...
2024/10/07 09:30:19 server.go:41: Gracefully shutting down server...
2024/10/07 09:30:19 main.go:48: Server gracefully shutdown complete.
2024/10/07 09:30:26 main.go:42: Starting server on :8080...
2024/10/07 09:58:24 server.go:41: Gracefully shutting down server...
2024/10/07 09:58:24 main.go:48: Server gracefully shutdown complete.
2024/10/07 12:07:58 main.go:42: Starting server on :8080...
2024/10/07 12:22:18 server.go:41: Gracefully shutting down server...
2024/10/07 12:22:18 main.go:48: Server gracefully shutdown complete.
2024/10/07 12:24:36 main.go:61: Starting server on :8080...
2024/10/07 12:27:03 server.go:23: Error setting up data handlers: Binary was compiled with 'CGO_ENABLED=0', go-sqlite3 requires cgo to work. This is a stub
2024/10/07 12:54:36 main.go:61: Starting server on :8080...
2024/10/07 14:25:28 server.go:41: Gracefully shutting down server...
2024/10/07 14:25:28 main.go:67: Server gracefully shutdown complete.
2024/10/24 13:54:40 main.go:61: Starting server on :8080...
2024/10/24 14:53:11 server.go:41: Gracefully shutting down server...
2024/10/24 14:53:11 main.go:67: Server gracefully shutdown complete.
2024/11/11 11:56:01 main.go:61: Starting server on :8080...
2024/11/11 13:40:20 server.go:41: Gracefully shutting down server...
2024/11/11 13:40:20 main.go:67: Server gracefully shutdown complete.
2024/11/11 13:40:33 server.go:23: Error setting up data handlers: 6 values for 5 columns
2024/11/11 13:41:07 server.go:23: Error setting up data handlers: 6 values for 5 columns
2024/11/11 13:41:36 server.go:23: Error setting up data handlers: 6 values for 5 columns
2024/11/11 13:43:48 server.go:23: Error setting up data handlers: 6 values for 5 columns
2024/11/11 13:45:59 server.go:23: Error setting up data handlers: 6 values for 5 columns
2024/11/11 13:46:17 server.go:23: Error setting up data handlers: 6 values for 5 columns
2024/11/11 13:50:57 server.go:23: Error setting up data handlers: 6 values for 5 columns
2024/11/11 13:53:13 server.go:23: Error setting up data handlers: 6 values for 5 columns
2024/11/11 13:54:20 server.go:23: Error setting up data handlers: 6 values for 5 columns
2024/11/11 13:57:43 main.go:61: Starting server on :8080...
2024/11/11 14:05:05 server.go:41: Gracefully shutting down server...
2024/11/11 14:05:05 main.go:67: Server gracefully shutdown complete.
2024/11/11 14:05:08 main.go:61: Starting server on :8080...
2024/11/11 14:07:33 server.go:41: Gracefully shutting down server...
2024/11/11 14:07:33 main.go:67: Server gracefully shutdown complete.
2024/11/11 14:21:21 main.go:61: Starting server on :8080...
2024/11/11 14:26:56 server.go:41: Gracefully shutting down server...
2024/11/11 14:26:56 main.go:67: Server gracefully shutdown complete.
2024/11/11 14:41:34 main.go:61: Starting server on :8080...
2024/11/11 14:49:53 server.go:41: Gracefully shutting down server...
2024/11/11 14:49:53 main.go:67: Server gracefully shutdown complete.
2024/11/11 15:29:25 server.go:23: Error setting up data handlers: near ")": syntax error
2024/11/11 15:29:57 server.go:23: Error setting up data handlers: table data has no column named student_id
2024/11/11 15:30:22 server.go:23: Error setting up data handlers: 4 values for 3 columns
2024/11/11 15:30:33 main.go:61: Starting server on :8080...
2024/11/11 15:30:42 post.go:40: Error creating data: sql: expected 3 arguments, got 4 {0 0  0}
2024/11/11 15:30:43 post.go:40: Error creating data: sql: expected 3 arguments, got 4 {0 0  0}
2024/11/11 15:30:43 post.go:40: Error creating data: sql: expected 3 arguments, got 4 {0 0  0}
2024/11/11 15:30:44 post.go:40: Error creating data: sql: expected 3 arguments, got 4 {0 0  0}
2024/11/11 15:35:17 server.go:41: Gracefully shutting down server...
2024/11/11 15:35:17 main.go:67: Server gracefully shutdown complete.
2024/11/11 15:35:21 main.go:61: Starting server on :8080...
2024/11/11 15:42:31 server.go:41: Gracefully shutting down server...
2024/11/11 15:42:31 main.go:67: Server gracefully shutdown complete.
2024/11/11 15:42:35 main.go:61: Starting server on :8080...
2024/11/11 15:43:10 post.go:40: Error creating data: sql: expected 3 arguments, got 4 {0 1 Juha 1221}
2024/11/11 15:43:11 post.go:40: Error creating data: sql: expected 3 arguments, got 4 {0 1 Juha 1221}
2024/11/11 15:43:11 post.go:40: Error creating data: sql: expected 3 arguments, got 4 {0 1 Juha 1221}
2024/11/11 15:43:11 post.go:40: Error creating data: sql: expected 3 arguments, got 4 {0 1 Juha 1221}
2024/11/11 15:44:18 server.go:41: Gracefully shutting down server...
2024/11/11 15:44:18 main.go:67: Server gracefully shutdown complete.
2024/11/11 15:44:21 server.go:23: Error setting up data handlers: 4 values for 3 columns
2024/11/11 15:45:48 server.go:23: Error setting up data handlers: table data has no column named room_id
2024/11/11 15:46:04 server.go:23: Error setting up data handlers: table data has no column named room_id
2024/11/11 15:47:00 server.go:23: Error setting up data handlers: table data has no column named room_id
2024/11/11 15:47:17 main.go:61: Starting server on :8080...
2024/11/11 15:50:07 server.go:41: Gracefully shutting down server...
2024/11/11 18:20:21 main.go:61: Starting server on :8080...
2024/11/11 18:26:44 post.go:40: Error creating data: sql: expected 3 arguments, got 4 {0 1 Juha 1221}
2024/11/11 18:31:54 post.go:40: Error creating data: sql: expected 3 arguments, got 4 {0 1 Juha 1221}
2024/11/11 18:32:20 server.go:41: Gracefully shutting down server...
2024/11/11 18:32:20 main.go:67: Server gracefully shutdown complete.
2024/11/11 18:32:25 main.go:61: Starting server on :8080...
2024/11/11 18:45:01 server.go:41: Gracefully shutting down server...
2024/11/11 18:45:01 main.go:67: Server gracefully shutdown complete.
2024/11/11 18:45:07 main.go:61: Starting server on :8080...
2024/11/11 19:19:13 server.go:41: Gracefully shutting down server...
2024/11/13 12:08:43 main.go:61: Starting server on :8080...
2024/11/13 12:14:18 getbyid.go:30: Could not read one: sql: Scan error on column index 1, name "student_id": destination not a pointer 2
2024/11/13 12:14:23 getbyid.go:30: Could not read one: sql: Scan error on column index 1, name "student_id": destination not a pointer 1
2024/11/13 12:16:53 getbyid.go:30: Could not read one: sql: Scan error on column index 1, name "student_id": destination not a pointer 1
2024/11/13 12:18:30 getbyid.go:30: Could not read one: sql: Scan error on column index 1, name "student_id": destination not a pointer 1
2024/11/13 12:18:33 getbyid.go:30: Could not read one: sql: Scan error on column index 1, name "student_id": destination not a pointer 4
2024/11/13 12:22:28 getbyid.go:30: Could not read one: sql: Scan error on column index 1, name "student_id": destination not a pointer 4
2024/11/13 12:22:29 getbyid.go:30: Could not read one: sql: Scan error on column index 1, name "student_id": destination not a pointer 4
2024/11/13 12:22:36 getbyid.go:30: Could not read one: sql: Scan error on column index 1, name "student_id": destination not a pointer 1
2024/11/13 12:22:52 getbyid.go:30: Could not read one: sql: Scan error on column index 1, name "student_id": destination not a pointer 1
2024/11/13 12:25:47 getbyid.go:30: Could not read one: sql: Scan error on column index 1, name "student_id": destination not a pointer 1
2024/11/13 12:25:54 getbyid.go:30: Could not read one: sql: Scan error on column index 1, name "student_id": destination not a pointer 1
2024/11/13 12:27:40 getbyid.go:30: Could not read one: sql: Scan error on column index 1, name "student_id": destination not a pointer 1
2024/11/13 12:27:42 getbyid.go:30: Could not read one: sql: Scan error on column index 1, name "student_id": destination not a pointer 1
2024/11/13 12:27:55 getbyid.go:30: Could not read one: sql: Scan error on column index 1, name "student_id": destination not a pointer 1
2024/11/13 12:30:04 getbyid.go:30: Could not read one: sql: Scan error on column index 1, name "student_id": destination not a pointer 1
2024/11/13 12:30:05 getbyid.go:30: Could not read one: sql: Scan error on column index 1, name "student_id": destination not a pointer 1
2024/11/13 12:30:53 getbyid.go:30: Could not read one: sql: Scan error on column index 1, name "student_id": destination not a pointer 10
2024/11/13 12:32:55 server.go:41: Gracefully shutting down server...
2024/11/13 12:32:55 main.go:67: Server gracefully shutdown complete.
2024/11/13 12:35:29 main.go:61: Starting server on :8080...
2024/11/13 12:36:17 getbyid.go:30: Could not read one: sql: Scan error on column index 1, name "student_id": destination not a pointer 10
2024/11/13 12:36:25 getbyid.go:30: Could not read one: sql: Scan error on column index 1, name "student_id": destination not a pointer 1
2024/11/13 12:36:48 server.go:41: Gracefully shutting down server...
2024/11/13 12:36:48 main.go:67: Server gracefully shutdown complete.
2024/11/13 12:36:52 main.go:61: Starting server on :8080...
2024/11/13 13:10:10 server.go:41: Gracefully shutting down server...
2024/11/13 13:10:10 main.go:67: Server gracefully shutdown complete.
2024/11/13 13:10:15 main.go:61: Starting server on :8080...
2024/11/13 13:10:58 server.go:41: Gracefully shutting down server...
2024/11/13 13:10:58 main.go:67: Server gracefully shutdown complete.
2024/11/13 13:11:02 main.go:61: Starting server on :8080...
2024/11/13 13:16:28 server.go:41: Gracefully shutting down server...
2024/11/13 13:16:28 main.go:67: Server gracefully shutdown complete.
2024/11/13 13:16:32 main.go:61: Starting server on :8080...
2024/11/13 13:18:17 server.go:41: Gracefully shutting down server...
2024/11/13 13:18:17 main.go:67: Server gracefully shutdown complete.
2024/11/13 13:18:23 main.go:61: Starting server on :8080...
2024/11/13 13:43:49 server.go:41: Gracefully shutting down server...
2024/11/13 13:43:49 main.go:67: Server gracefully shutdown complete.
2024/11/13 13:43:53 main.go:61: Starting server on :8080...
2024/11/13 13:45:10 server.go:41: Gracefully shutting down server...
2024/11/13 13:45:10 main.go:67: Server gracefully shutdown complete.
2024/11/13 13:45:15 main.go:61: Starting server on :8080...
2024/11/13 13:46:47 server.go:41: Gracefully shutting down server...
2024/11/13 13:46:47 main.go:67: Server gracefully shutdown complete.
2024/11/13 13:46:52 main.go:61: Starting server on :8080...
2024/11/13 13:47:00 put.go:17: duppiduu {0 0  0}
2024/11/13 13:48:17 server.go:41: Gracefully shutting down server...
2024/11/13 13:48:17 main.go:67: Server gracefully shutdown complete.
2024/11/13 13:48:22 main.go:61: Starting server on :8080...
2024/11/13 13:48:29 post.go:17: duppiduu {0 0  0}
2024/11/13 13:49:16 server.go:41: Gracefully shutting down server...
2024/11/13 13:49:16 main.go:67: Server gracefully shutdown complete.
2024/11/13 13:49:21 main.go:61: Starting server on :8080...
2024/11/13 13:49:27 put.go:28: duppiduu &{0xc000186030 <nil> <nil> true true {0 0} true false false 0x7ff62c0f3160}
2024/11/13 13:50:18 server.go:41: Gracefully shutting down server...
2024/11/13 13:50:18 main.go:67: Server gracefully shutdown complete.
2024/11/13 13:50:22 main.go:61: Starting server on :8080...
2024/11/13 13:50:28 put.go:28: duppiduu &{0xc00013c0c0 [] {[] 0 0 {<nil> false [] <nil> 0} <nil> <nil> false false} 0 0 {<nil> false [] <nil> 0} <nil> 0 []}
2024/11/13 13:51:25 server.go:41: Gracefully shutting down server...
2024/11/13 13:51:25 main.go:67: Server gracefully shutdown complete.
2024/11/13 13:55:45 main.go:61: Starting server on :8080...
2024/11/13 13:56:47 server.go:41: Gracefully shutting down server...
2024/11/13 13:56:47 main.go:67: Server gracefully shutdown complete.
2024/11/13 13:56:51 main.go:61: Starting server on :8080...
2024/11/13 13:57:31 server.go:41: Gracefully shutting down server...
2024/11/13 13:57:31 main.go:67: Server gracefully shutdown complete.
2024/11/13 13:57:35 main.go:61: Starting server on :8080...
2024/11/13 13:57:50 server.go:41: Gracefully shutting down server...
2024/11/13 13:57:50 main.go:67: Server gracefully shutdown complete.
